
30/09/2022 09:25:05 : hg19:chr2:1000000-2000000:gain
30/09/2022 09:28:45 : hg19:chr2:1000000-2000000:gain
30/09/2022 10:02:26 : hg19:chr22:18894835-21798755:loss
30/09/2022 12:05:54 : hg19:chr2:1000000-2000000:gain
30/09/2022 12:07:50 : hg19:chr2:1000000-2000000:gain
30/09/2022 12:10:45 : hg19:chr2:1000000-2000000:gain
30/09/2022 12:14:03 : xcnvxcnvxcnvhg19:chr2:191236209-191481998:loss
30/09/2022 12:16:20 : hg19:chr2:1000000-2000000:gain
30/09/2022 12:16:35 : hg19:chr1:216138600-216270555:loss
30/09/2022 12:19:12 : xcnvhg19:chr1:216138600-216270555:loss
30/09/2022 12:20:26 : hg19:chr2:1000000-2000000:gain
30/09/2022 12:52:51 : hg19:chr2:1000000-2000000:gain
30/09/2022 12:53:10 : hg19:chr2:1000000-2000000:gain
30/09/2022 12:53:21 : hg19:chr2:100000-200000:gain
30/09/2022 12:53:35 : hg19:chr2:1000000-5000000:gain
30/09/2022 12:53:49 : hg19:chr22:18894835-21798755:loss
30/09/2022 12:54:02 : hg19:chr19:18894835-21798755:loss
30/09/2022 12:54:20 : hg19:chr15:18894835-21798755:loss
30/09/2022 12:56:26 : hg19:chr15:18894835-21798755:loss
30/09/2022 13:01:36 : hg19:chr2:1000000-2000000:gain
30/09/2022 13:01:41 : hg19:chr5:1000000-2000000:gain
30/09/2022 13:04:15 : hg19:chr2:1000000-2000000:gain
30/09/2022 13:04:38 : hg19:chr22:18894835-21798755:loss
30/09/2022 13:04:56 : hg38:chr22:18894835-21798755:loss
30/09/2022 13:07:22 : hg19:chr2:191236209-191481998:loss
30/09/2022 13:09:13 : hg38:chr2:191236209-191481998:loss
30/09/2022 13:09:33 : hg19:chr2:191236209-191481998:loss
30/09/2022 13:10:12 : hg19:chr2:191236209-191481998:loss
30/09/2022 13:10:51 : xcnvhg19:chr2:191236209-191481998:loss
30/09/2022 13:13:08 : xcnvhg19:chr2:191236209-191481998:loss
30/09/2022 13:13:48 : hg19:chr2:1000000-2000000:gain
30/09/2022 13:13:55 : hg19:chr22:18894835-21798755:loss
30/09/2022 13:16:18 : hg19:chr2:1000000-2000000:gain
30/09/2022 13:16:27 : hg19:chr22:18894835-21798755:loss
30/09/2022 13:19:01 : xcnvxcnvhg19:chr2:191236209-191481998:loss
30/09/2022 13:20:33 : hg19:chr2:191236209-191481998:loss
30/09/2022 13:32:08 : hg19:chr2:1000000-2000000:gain
30/09/2022 13:32:45 : hg19:chr16:29652999-30197341:loss
30/09/2022 13:36:06 : xcnvhg19:chr16:29652999-30197341:loss
30/09/2022 14:27:18 : hg19:chr2:1000000-2000000:gain
30/09/2022 14:27:22 : xcnvhg19:chr2:1000000-2000000:gain
30/09/2022 14:27:56 : xcnvxcnvhg19:chr2:1000000-2000000:gain
30/09/2022 14:29:14 : hg19:chr2:1000000-2000000:gain
30/09/2022 14:29:16 : xcnvhg19:chr2:1000000-2000000:gain
30/09/2022 14:29:33 : xcnvxcnvhg19:chr2:1000000-2000000:gain
30/09/2022 14:29:57 : hg19:chr2:1000000-2000000:gain
03/10/2022 09:06:26 : xcnvhg19:chr5:66449372-68247522:gain
03/10/2022 10:15:58 : hg19:chr2:1000000-2000000:gain
03/10/2022 19:09:03 : hg19:chr2:1000000-2000000:gain
03/10/2022 19:11:03 : xcnvhg19:hr16:21948445-22430805:gain:brain
03/10/2022 19:11:44 : xcnvhg19:hr16:21948445-22430805:loss:brain
03/10/2022 19:38:59 : xcnvhg19:chr7:72653306-74134911:loss:brain
03/10/2022 19:39:38 : xcnvhg19:chr16:21948445-22430805:loss:brain
03/10/2022 21:18:59 : hg19:chr2:1000000-2000000:gain
03/10/2022 21:19:06 : hg19:chr2:1000000-2000000:gain
04/10/2022 06:39:52 : hg19:chr22:18894835-21798755:loss
05/10/2022 07:16:19 : hg19:chr2:1000000-2000000:gain
06/10/2022 15:26:28 : hg19:chr2:1000000-2000000:gain
06/10/2022 15:26:35 : hg19:chr2:1000000-2000000:gain
06/10/2022 15:28:50 : hg19:chr1:209645905-210273811:gain
06/10/2022 15:29:11 : xcnvhg19:chr1:209645905-210273811:gain
07/10/2022 08:17:00 : hg19:chr2:191236209-191481998:loss
07/10/2022 08:18:08 : xcnvhg19:chr1:209645905-210273811:gain
07/10/2022 08:35:36 : hg19:chr2:191236209-191481998:loss
07/10/2022 08:45:22 : xcnvhg19:chr5:-191481998:loss
07/10/2022 08:46:17 : xcnvxcnvhg19:chr5:-191481998:loss
07/10/2022 08:47:11 : xcnvxcnvhg19:chr5:-191481998:loss
07/10/2022 08:48:06 : xcnvxcnvxcnvhg19:chr5:-191481998:loss
07/10/2022 13:41:17 : xcnvxcnvhg19:chr1:209645905-210273811:gain
08/10/2022 14:20:14 : hg19:chr2:1000000-2000000:gain
08/10/2022 15:48:36 : xcnvxcnvhg19:chr1:209645905-210273811:gain
10/10/2022 08:09:39 : hg19:chr2:1000000-2000000:gain
10/10/2022 11:36:02 : hg19:chr2:1000000-2000000:gain
10/10/2022 11:47:39 : hg19:chr2:1000000-2000000:gain
10/10/2022 11:48:37 : hg19:chr2:1000000-2000000:gain
10/10/2022 11:49:59 : hg38:chr2:1000000-2000000:gain
10/10/2022 11:51:24 : hg19:chr22:18894835-21798755:loss
10/10/2022 11:51:44 : hg38:chr22:18894835-21798755:loss
10/10/2022 11:54:53 : hg38:chr5:1000000-2000000:gain
10/10/2022 11:55:14 : hg19:chr5:1000000-2000000:gain
10/10/2022 11:56:35 : hg19:chr20:1000000-2000000:gain
10/10/2022 11:56:46 : hg38:chr20:1000000-2000000:gain
10/10/2022 11:58:08 : hg38:chr18:1000000-2000000:gain
10/10/2022 11:58:31 : hg19:chr18:1000000-2000000:gain
10/10/2022 12:00:24 : hg19:chr12:1000000-2000000:gain
10/10/2022 12:00:31 : hg38:chr12:1000000-2000000:gain
10/10/2022 12:00:39 : hg19:chr12:1000000-2000000:gain
10/10/2022 12:01:42 : hg19:chr16:1000000-2000000:gain
10/10/2022 12:03:04 : hg38:chr16:1000000-2000000:gain
10/10/2022 12:03:11 : hg19:chr16:1000000-2000000:gain
10/10/2022 12:03:17 : hg38:chr16:1000000-2000000:gain
10/10/2022 12:11:33 : hg38:chr16:1000000-2000000:gain
10/10/2022 12:11:47 : hg38:chr16:1000000-2000000:gain
10/10/2022 12:11:55 : hg19:chr16:1000000-2000000:gain
10/10/2022 12:12:01 : hg19:chr14:1000000-2000000:gain
10/10/2022 12:12:06 : hg38:chr14:1000000-2000000:gain
10/10/2022 12:12:23 : hg38:chr16:1000000-2000000:gain
10/10/2022 12:12:27 : hg38:chr17:1000000-2000000:gain
10/10/2022 12:12:35 : hg19:chr17:1000000-2000000:gain
10/10/2022 12:12:46 : hg38:chr6:1000000-2000000:gain
10/10/2022 12:12:55 : hg19:chr6:1000000-2000000:gain
10/10/2022 12:14:02 : hg19:chr8:1000000-2000000:gain
10/10/2022 12:14:05 : hg19:chr8:1000000-20000000:gain
10/10/2022 12:14:16 : hg38:chr8:1000000-20000000:gain
10/10/2022 12:14:24 : hg19:chr8:1000000-20000000:gain
10/10/2022 12:14:34 : hg38:chr8:1000000-20000000:gain
10/10/2022 12:14:48 : hg38:chrX:1000000-2000000:gain
10/10/2022 12:14:57 : hg19:chrX:1000000-2000000:gain
10/10/2022 12:24:00 : hg19:chr1:144000000-145000000:gain
10/10/2022 12:24:15 : hg38:chr1:144000000-145000000:gain
10/10/2022 12:24:22 : hg38:chr1:144000000-145000000:loss
10/10/2022 12:24:29 : hg19:chr1:144000000-145000000:loss
10/10/2022 12:24:51 : hg38:chr1:144000000-145000000:loss
10/10/2022 12:25:07 : hg38:chr1:144000000-145000000:gain
10/10/2022 12:27:12 : hg19:chr1:144000000-145000000:gain
10/10/2022 12:36:50 : hg19:chr1:209645905-210273811:gain
10/10/2022 12:36:59 : hg38:chr1:209645905-210273811:gain
10/10/2022 12:37:26 : hg19:chr2:191236209-191481998:loss
10/10/2022 12:37:32 : hg38:chr2:191236209-191481998:loss
10/10/2022 12:37:51 : hg19:chr2:191236209-191481998:loss
10/10/2022 12:57:48 : hg19:chr2:191236209-191481998:loss
10/10/2022 12:58:24 : hg38:chr2:191236209-191481998:loss
10/10/2022 13:01:16 : hg38:chr2:191236209-191481998:loss
10/10/2022 13:01:25 : hg19:chr2:191236209-191481998:loss
10/10/2022 13:03:39 : hg19:chr2:191236209-191481998:loss
10/10/2022 13:04:12 : hg19:chr2:191236209-191481998:loss
10/10/2022 13:06:17 : hg19:chr2:191236209-191481998:loss
10/10/2022 13:06:30 : hg38:chr2:191236209-191481998:loss
10/10/2022 13:07:17 : hg38:chr2:191236209-191481998:gain
10/10/2022 13:07:25 : hg19:chr2:191236209-191481998:gain
10/10/2022 13:08:05 : hg19:chr2:191236209-191481998:gain
10/10/2022 13:30:04 : hg19:chr2:191236209-191481998:gain
10/10/2022 13:31:26 : hg19:chr2:191236209-191481998:gain
10/10/2022 13:31:28 : hg19:chr2:1000000-2000000:gain
10/10/2022 13:32:55 : hg19:chr2:1000000-2000000:gain
10/10/2022 13:33:04 : hg38:chr2:191236209-191481998:gain
10/10/2022 13:33:15 : hg19:chr2:191236209-191481998:loss
10/10/2022 13:33:25 : hg19:chr2:191236209-191481998:gain
10/10/2022 13:33:34 : hg38:chr2:191236209-191481998:gain
10/10/2022 13:36:44 : hg38:chr2:191236209-191481998:gain
10/10/2022 13:36:50 : hg19:chr2:191236209-191481998:gain
10/10/2022 13:40:34 : hg19:chr2:191236209-191481998:gain
10/10/2022 14:04:12 : hg19:chr2:1000000-2000000:gain
10/10/2022 14:04:51 : hg19:chr2:191236209-191481998:gain
10/10/2022 14:05:09 : hg38:chr2:191236209-191481998:gain
10/10/2022 14:05:23 : hg19:chr2:1000000-2000000:gain
10/10/2022 14:05:30 : hg19:chr2:191236209-191481998:gain
11/10/2022 15:09:58 : xcnvxcnvhg19:chr4:95185868-95548979:gain
11/10/2022 15:09:59 : xcnvxcnvhg19:chr4:95185868-95548979:gain
12/10/2022 03:11:15 : hg19:chr2:1000000-2000000:gain&hg19:chr2:1000000-2000000:loss
12/10/2022 10:06:07 : xcnvxcnvhg19:chr1:209645905-210273811:gain
12/10/2022 15:13:24 : hg19:chr2:1000000-2000000:gain
14/10/2022 12:35:44 : hg19:chr2:1000000-2000000:gain
14/10/2022 17:37:39 : xcnvxcnvhg19:chr1:209645905-210273811:gain
14/10/2022 20:51:37 : hg19:chr2:1000000-2000000:gain
14/10/2022 20:52:43 : hg19:chr2:1000000-2000000:gain
14/10/2022 20:52:47 : igv-ui-1_3_0.css.map
14/10/2022 20:54:34 : hg19:chr2:1000000-2000000:gain
14/10/2022 20:54:41 : igv-ui-1_3_0.css.map
14/10/2022 20:56:02 : hg19:chr2:1000000-2000000:gain
14/10/2022 20:56:05 : igv-ui-1_3_0.css.map
14/10/2022 20:59:25 : hg19:chr2:1000000-2000000:gain
14/10/2022 20:59:28 : igv-ui-1_3_0.css.map
14/10/2022 21:01:32 : hg19:chr2:1000000-2000000:gain
14/10/2022 21:01:43 : igv-ui-1_3_0.css.map
14/10/2022 21:02:21 : hg19:chr2:1000000-2000000:gain
14/10/2022 21:02:27 : hg19:chr5:1000000-2000000:gain
14/10/2022 21:02:36 : hg19:chr8:1000000-2000000:gain
14/10/2022 21:02:42 : hg19:chr18:1000000-2000000:gain
14/10/2022 21:02:46 : igv-ui-1_3_0.css.map
14/10/2022 21:02:52 : hg19:chr19:1000000-2000000:gain
14/10/2022 21:03:00 : igv-ui-1_3_0.css.map
14/10/2022 21:03:06 : hg19:chr21:1000000-2000000:gain
17/10/2022 14:13:08 : hg19:chr2:1000000-2000000:gain
17/10/2022 14:14:59 : hg19:chr2:96739012-97671429:gain
17/10/2022 14:17:15 : hg19:chr2:96739012-97671429:loss
17/10/2022 14:17:55 : hg19:chr1:146089254- 147859944:loss
17/10/2022 14:23:27 : hg19:chr1:146089254-147859944:loss
17/10/2022 14:24:02 : hg19:chr1:146089254-147859944:loss
17/10/2022 14:24:26 : hg19:chr15:22750305-23272733:loss
17/10/2022 14:25:30 : hg19:chr16:15125441-16291983:loss
17/10/2022 20:13:13 : xcnvhg19:chr16:21973762-22407931:gain:brain
17/10/2022 20:15:07 : xcnvhg19:chr16:21973762-22407931:loss:brain
17/10/2022 20:18:34 : hg19:chr1:146506310-146506310:loss:brain
17/10/2022 20:18:44 : hg19:chr1:146506310-146506310:loss
17/10/2022 20:18:48 : hg19:chr1:146506310-146506310:loss:brain
18/10/2022 06:46:44 : xcnvxcnvhg19:chr1:209645905-210273811:gain
18/10/2022 07:34:30 : hg19:chr2:1000000-2000000:gain
18/10/2022 07:34:50 : hg19:chr5:1000000-2000000:gain
18/10/2022 07:34:55 : igv-ui-1_3_0.css.map
18/10/2022 07:36:09 : hg19:chr2:1000000-2000000:gain
18/10/2022 07:36:16 : hg19:chr8:1000000-2000000:gain
18/10/2022 07:36:23 : igv-ui-1_3_0.css.map
18/10/2022 07:37:43 : hg19:chr22:18894835-21798755:loss
18/10/2022 07:38:29 : hg19:chr22:18894835-21798755:loss
18/10/2022 07:39:41 : igv-ui-1_3_0.css.map
18/10/2022 07:41:35 : hg19:chr2:1000000-2000000:gain
18/10/2022 07:41:42 : hg19:chr22:18894835-21798755:loss
18/10/2022 07:50:51 : hg19:chr2:1000000-2000000:gain
18/10/2022 07:50:57 : igv-ui-1_3_0.css.map
18/10/2022 07:52:28 : hg19:chr2:1000000-2000000:gain
18/10/2022 07:52:45 : igv-ui-1_3_0.css.map
18/10/2022 07:53:30 : hg19:chr2:1000000-2000000:gain
18/10/2022 07:53:34 : igv-ui-1_3_0.css.map
18/10/2022 07:54:54 : hg19:chr2:1000000-2000000:gain
18/10/2022 07:54:58 : igv-ui-1_3_0.css.map
18/10/2022 07:55:58 : hg19:chr2:1000000-2000000:gain
18/10/2022 07:56:02 : igv-ui-1_3_0.css.map
18/10/2022 07:56:18 : hg19:chr22:18894835-21798755:loss
18/10/2022 07:58:51 : hg19:chr2:1000000-2000000:gain
18/10/2022 07:58:58 : igv-ui-1_3_0.css.map
18/10/2022 07:59:43 : hg19:chr2:1000000-2000000:gain
18/10/2022 07:59:54 : hg19:chr22:18894835-21798755:loss
18/10/2022 08:04:04 : hg19:chr2:1000000-2000000:gain
18/10/2022 08:04:49 : hg19:chr2:1000000-2000000:gain
18/10/2022 08:05:26 : hg19:chr2:1000000-2000000:gain
18/10/2022 08:05:37 : hg19:chr2:1000000-2000000:gain&hg19:chr22:18894835-21798755:loss
18/10/2022 08:06:11 : hg19:chr2:1000000-2000000:gain
18/10/2022 08:06:18 : hg19:chr22:18894835-21798755:loss
18/10/2022 08:09:59 : hg19:chr2:1000000-2000000:gain
18/10/2022 08:10:33 : hg19:chr2:1000000-2000000:gain
18/10/2022 08:11:35 : hg19:chr2:1000000-2000000:gain
18/10/2022 08:12:15 : hg19:chr2:1000000-2000000:gain
18/10/2022 08:12:18 : hg19:chr22:18894835-21798755:loss
18/10/2022 08:14:02 : hg19:chr2:1000000-2000000:gain
18/10/2022 08:14:20 : hg19:chr22:18894835-21798755:loss
18/10/2022 08:16:54 : hg19:chr2:1000000-2000000:gain
18/10/2022 08:17:33 : hg19:chr2:1000000-2000000:gain
18/10/2022 08:17:54 : hg19:chr2:1000000-2000000:gain
18/10/2022 08:18:11 : hg19:chr22:18894835-21798755:loss
18/10/2022 08:18:40 : igv-ui-1_3_0.css.map
18/10/2022 08:18:53 : igv-ui-1_3_0.css.map
18/10/2022 08:19:24 : hg19:chr2:1000000-2000000:gain
18/10/2022 08:19:43 : hg19:chr2:1000000-2000000:gain
18/10/2022 08:20:18 : hg19:chr2:1000000-2000000:gain
18/10/2022 08:20:38 : hg19:chr2:1000000-2000000:gain
18/10/2022 08:20:41 : hg19:chr22:18894835-21798755:loss
18/10/2022 08:27:24 : hg19:chr2:1000000-2000000:gain
18/10/2022 08:28:28 : hg19:chr2:1000000-2000000:gain
18/10/2022 08:28:56 : hg19:chr22:18894835-21798755:loss
18/10/2022 08:32:44 : hg19:chr2:1000000-2000000:gain
18/10/2022 08:33:16 : hg19:chr2:1000000-2000000:gain
18/10/2022 08:36:20 : hg19:chr2:1000000-2000000:gain
18/10/2022 08:36:39 : hg19:chr2:1000000-2000000:gain
18/10/2022 08:37:02 : hg19:chr22:18894835-21798755:loss
18/10/2022 08:45:08 : hg19:chr2:1000000-2000000:gain
18/10/2022 08:45:40 : igv-ui-1_3_0.css.map
18/10/2022 08:46:53 : hg19:chr2:1000000-2000000:gain
18/10/2022 08:47:02 : hg19:chr22:18894835-21798755:loss
18/10/2022 08:52:46 : hg19:chr2:1000000-2000000:gain
18/10/2022 09:01:45 : hg19:chr2:1000000-2000000:gain
18/10/2022 09:02:28 : hg19:chr22:18894835-21798755:loss
18/10/2022 09:05:49 : hg19:chr2:1000000-2000000:gain
18/10/2022 09:12:02 : hg19:chr2:1000000-2000000:gain
18/10/2022 09:13:00 : hg19:chr2:1000000-2000000:gain
18/10/2022 09:20:44 : hg19:chr2:1000000-2000000:gain
18/10/2022 09:20:50 : hg19:chr22:18894835-21798755:loss
18/10/2022 09:25:44 : hg19:chr2:1000000-2000000:gain
18/10/2022 09:25:50 : hg19:chr22:18894835-21798755:loss
18/10/2022 09:26:52 : xcnvhg19:chr22:18894835-21798755:loss
18/10/2022 09:29:14 : igv-ui-1_3_0.css.map
18/10/2022 09:32:38 : hg19:chr2:1000000-2000000:gain
18/10/2022 09:32:42 : xcnvhg19:chr2:1000000-2000000:gain
18/10/2022 09:33:04 : hg19:chr22:18894835-21798755:loss
18/10/2022 09:33:12 : xcnvhg19:chr22:18894835-21798755:loss
18/10/2022 09:36:30 : hg19:chr2:191236209-191481998:gain
18/10/2022 09:36:42 : igv-ui-1_3_0.css.map
18/10/2022 09:36:55 : hg38:chr2:191236209-191481998:gain
18/10/2022 09:37:05 : hg38:chr2:191236209-191481998:loss
19/10/2022 07:23:07 : xcnvxcnvhg19:chr1:209645905-210273811:gain
19/10/2022 08:09:07 : xcnvhg19:chr1:146506310-149243969:loss:brain
19/10/2022 08:15:51 : xcnv
19/10/2022 08:15:53 : xcnv
19/10/2022 08:16:20 : xcnvhg19:chr1:146506310-149243969:loss:brain
19/10/2022 08:22:05 : xcnvhg19:chr16:21973762-22407931:loss:brain
19/10/2022 08:36:42 : xcnvhg19:chr16:30105940-30125469:loss:brain
21/10/2022 09:34:38 : xcnvhg19:chr16:78022003-78072739:loss
21/10/2022 10:03:36 : xcnvxcnvhg19:chr20:13936619-14259099:gain
21/10/2022 10:04:42 : xcnvxcnvxcnvhg19:chrX:142744237-142998046:gain
22/10/2022 18:52:24 : hg19:chr2:1000000-2000000:gain
24/10/2022 08:55:45 : hg19:chr2:1000000-2000000:gain
24/10/2022 08:57:39 : hg19:chr2:191236209-191481998:gain
24/10/2022 09:57:47 : hg19:chr22:18894835-21798755:loss
24/10/2022 10:02:37 : hg19:chr1:146472777-147813514:loss
24/10/2022 12:03:55 : hg19:chr2:1000000-2000000:gain
24/10/2022 12:21:27 : hg19:chr22:18894835-21798755:loss
24/10/2022 12:22:16 : xcnvhg19:chr22:18894835-21798755:loss
24/10/2022 13:47:42 : hg19:chr2:1000000-2000000:gain
24/10/2022 13:48:15 : hg19:chr1:146472777-147813514:loss
24/10/2022 13:50:22 : hg19:chr1:145299140-145770731:loss
24/10/2022 13:50:55 : hg19:chr1:145299140-145770731:gain
24/10/2022 14:09:46 : xcnvxcnvhg19:chr1:0-53798755:loss
24/10/2022 14:10:40 : xcnvxcnvxcnvhg19:chr1:0-103798755:loss
24/10/2022 14:15:35 : hg19:chr2:1000000-2000000:gain
24/10/2022 14:16:16 : xcnvhg19:chr1:0-5000000:loss
24/10/2022 14:17:02 : xcnvhg19:chr1:0-500000:loss
24/10/2022 14:17:29 : xcnvhg19:chr1:0-5000000:loss
24/10/2022 14:18:20 : xcnvhg19:chr1:0-103798755:loss
24/10/2022 14:19:00 : xcnvhg19:chr1:0-53798755:loss
24/10/2022 14:20:44 : xcnvhg19:chr1:45818413-47035413:loss
25/10/2022 13:00:28 : hg19:chr2:1000000-2000000:gain
25/10/2022 14:14:24 : hg19:chr2:1000000-2000000:gain
27/10/2022 01:28:31 : hg19:chr2:1000000-2000000:gain&hg19:chr22:18894835-21798755:loss
27/10/2022 02:12:20 : hg19:chr22:18894835-21798755:loss
28/10/2022 08:53:06 : hg19:chr2:1000000-2000000:gain
28/10/2022 08:54:47 : hg19:chr22:18894835-21798755:loss
28/10/2022 09:02:36 : xcnvxcnvhg19:chrX:44821713-45023387:loss
28/10/2022 09:03:58 : hg19:chr2:1000000-2000000:gain
28/10/2022 09:04:03 : hg19:chr22:18894835-21798755:loss
28/10/2022 09:04:44 : xcnvxcnvxcnvhg19:chrX:44821713-45023387:gain
28/10/2022 09:09:13 : hg19:chr2:1000000-2000000:gain
28/10/2022 09:09:16 : hg19:chr22:18894835-21798755:loss
28/10/2022 09:17:24 : xcnvxcnvxcnvhg19:chrX:44821713-45023387:loss
